<?xml version="1.0" encoding="UTF-8"?>
<testng-results ignored="0" total="1" passed="1" failed="0" skipped="0">
  <reporter-output>
  </reporter-output>
  <suite started-at="2022-08-30T08:01:47 PDT" name="Default suite" finished-at="2022-08-30T08:01:49 PDT" duration-ms="1565">
    <groups>
    </groups>
    <test started-at="2022-08-30T08:01:47 PDT" name="Default test" finished-at="2022-08-30T08:01:49 PDT" duration-ms="1565">
      <class name="trainingOnRestAssured.postMethod">
        <test-method signature="postCreateDSL()[pri:0, instance:trainingOnRestAssured.postMethod@62e7f11d]" started-at="2022-08-30T08:01:48 PDT" name="postCreateDSL" finished-at="2022-08-30T08:01:49 PDT" duration-ms="1541" status="PASS">
          <reporter-output>
          </reporter-output>
        </test-method> <!-- postCreateDSL -->
      </class> <!-- trainingOnRestAssured.postMethod -->
    </test> <!-- Default test -->
  </suite> <!-- Default suite -->
</testng-results>
